# JRE version: OpenJDK Runtime Environment Temurin-17.0.1+12 (17.0.1+12) (build 17.0.1+12)
# Java VM: OpenJDK 64-Bit Server VM Temurin-17.0.1+12 (17.0.1+12, mixed mode, tiered, compressed oops, compressed class ptrs, g1 gc, windows-amd64)
GC Precious Log:
 CPUs: 12 total, 12 available
 Memory: 6005M
 Large Page Support: Disabled
 NUMA Support: Disabled
 Compressed Oops: Enabled (32-bit)
 Heap Region Size: 1M
 Heap Min Capacity: 8M
 Heap Initial Capacity: 94M
 Heap Max Capacity: 1502M
 Pre-touch: Disabled
 Parallel Workers: 10
 Concurrent Workers: 3
 Concurrent Refinement Workers: 10
 Periodic GC: Disabled
Heap:
 garbage-first heap   total 430080K, used 293810K [0x00000000a2200000, 0x0000000100000000)
  region size 1024K, 1 young (1024K), 1 survivors (1024K)
 Metaspace       used 23037K, committed 23296K, reserved 1073152K
  class space    used 2335K, committed 2432K, reserved 1048576K
GC Heap History (20 events):
Event: 842.746 GC heap after
{Heap after GC invocations=1817 (full 0):
 garbage-first heap   total 267264K, used 262066K [0x00000000a2200000, 0x0000000100000000)
  region size 1024K, 1 young (1024K), 1 survivors (1024K)
 Metaspace       used 23037K, committed 23296K, reserved 1073152K
  class space    used 2335K, committed 2432K, reserved 1048576K
}
Event: 842.746 GC heap before
{Heap before GC invocations=1817 (full 0):
 garbage-first heap   total 267264K, used 262066K [0x00000000a2200000, 0x0000000100000000)
  region size 1024K, 2 young (2048K), 1 survivors (1024K)
 Metaspace       used 23037K, committed 23296K, reserved 1073152K
  class space    used 2335K, committed 2432K, reserved 1048576K
}
Event: 842.792 GC heap after
{Heap after GC invocations=1818 (full 0):
 garbage-first heap   total 267264K, used 262091K [0x00000000a2200000, 0x0000000100000000)
  region size 1024K, 1 young (1024K), 1 survivors (1024K)
 Metaspace       used 23037K, committed 23296K, reserved 1073152K
  class space    used 2335K, committed 2432K, reserved 1048576K
}
Event: 842.822 GC heap before
{Heap before GC invocations=1818 (full 0):
 garbage-first heap   total 267264K, used 263115K [0x00000000a2200000, 0x0000000100000000)
  region size 1024K, 1 young (1024K), 1 survivors (1024K)
 Metaspace       used 23037K, committed 23296K, reserved 1073152K
  class space    used 2335K, committed 2432K, reserved 1048576K
}
Event: 842.870 GC heap after
{Heap after GC invocations=1819 (full 0):
 garbage-first heap   total 267264K, used 263130K [0x00000000a2200000, 0x0000000100000000)
  region size 1024K, 1 young (1024K), 1 survivors (1024K)
 Metaspace       used 23037K, committed 23296K, reserved 1073152K
  class space    used 2335K, committed 2432K, reserved 1048576K
}
Event: 843.996 GC heap before
{Heap before GC invocations=1820 (full 0):
 garbage-first heap   total 249856K, used 244698K [0x00000000a2200000, 0x0000000100000000)
  region size 1024K, 2 young (2048K), 1 survivors (1024K)
 Metaspace       used 23037K, committed 23296K, reserved 1073152K
  class space    used 2335K, committed 2432K, reserved 1048576K
}
Event: 844.398 GC heap after
{Heap after GC invocations=1821 (full 0):
 garbage-first heap   total 249856K, used 244702K [0x00000000a2200000, 0x0000000100000000)
  region size 1024K, 1 young (1024K), 1 survivors (1024K)
 Metaspace       used 23037K, committed 23296K, reserved 1073152K
  class space    used 2335K, committed 2432K, reserved 1048576K
}
Event: 844.494 GC heap before
{Heap before GC invocations=1821 (full 0):
 garbage-first heap   total 249856K, used 245726K [0x00000000a2200000, 0x0000000100000000)
  region size 1024K, 1 young (1024K), 1 survivors (1024K)
 Metaspace       used 23037K, committed 23296K, reserved 1073152K
  class space    used 2335K, committed 2432K, reserved 1048576K
}
Event: 844.543 GC heap after
{Heap after GC invocations=1822 (full 0):
 garbage-first heap   total 752640K, used 245722K [0x00000000a2200000, 0x0000000100000000)
  region size 1024K, 1 young (1024K), 1 survivors (1024K)
 Metaspace       used 23037K, committed 23296K, reserved 1073152K
  class space    used 2335K, committed 2432K, reserved 1048576K
}
Event: 851.556 GC heap before
{Heap before GC invocations=1822 (full 0):
 garbage-first heap   total 752640K, used 404442K [0x00000000a2200000, 0x0000000100000000)
  region size 1024K, 2 young (2048K), 1 survivors (1024K)
 Metaspace       used 23037K, committed 23296K, reserved 1073152K
  class space    used 2335K, committed 2432K, reserved 1048576K
}
Event: 851.791 GC heap after
{Heap after GC invocations=1823 (full 0):
 garbage-first heap   total 752640K, used 404455K [0x00000000a2200000, 0x0000000100000000)
  region size 1024K, 1 young (1024K), 1 survivors (1024K)
 Metaspace       used 23037K, committed 23296K, reserved 1073152K
  class space    used 2335K, committed 2432K, reserved 1048576K
}
Event: 851.902 GC heap before
{Heap before GC invocations=1823 (full 0):
 garbage-first heap   total 752640K, used 407527K [0x00000000a2200000, 0x0000000100000000)
  region size 1024K, 2 young (2048K), 1 survivors (1024K)
 Metaspace       used 23037K, committed 23296K, reserved 1073152K
  class space    used 2335K, committed 2432K, reserved 1048576K
}
Event: 851.946 GC heap after
{Heap after GC invocations=1824 (full 0):
 garbage-first heap   total 752640K, used 407530K [0x00000000a2200000, 0x0000000100000000)
  region size 1024K, 1 young (1024K), 1 survivors (1024K)
 Metaspace       used 23037K, committed 23296K, reserved 1073152K
  class space    used 2335K, committed 2432K, reserved 1048576K
}
Event: 856.429 GC heap before
{Heap before GC invocations=1825 (full 0):
 garbage-first heap   total 296960K, used 291818K [0x00000000a2200000, 0x0000000100000000)
  region size 1024K, 2 young (2048K), 1 survivors (1024K)
 Metaspace       used 23037K, committed 23296K, reserved 1073152K
  class space    used 2335K, committed 2432K, reserved 1048576K
}
Event: 856.911 GC heap after
{Heap after GC invocations=1826 (full 0):
 garbage-first heap   total 296960K, used 291826K [0x00000000a2200000, 0x0000000100000000)
  region size 1024K, 1 young (1024K), 1 survivors (1024K)
 Metaspace       used 23037K, committed 23296K, reserved 1073152K
  class space    used 2335K, committed 2432K, reserved 1048576K
}
Event: 856.965 GC heap before
{Heap before GC invocations=1826 (full 0):
 garbage-first heap   total 296960K, used 292850K [0x00000000a2200000, 0x0000000100000000)
  region size 1024K, 1 young (1024K), 1 survivors (1024K)
 Metaspace       used 23037K, committed 23296K, reserved 1073152K
  class space    used 2335K, committed 2432K, reserved 1048576K
}
Event: 857.198 GC heap after
{Heap after GC invocations=1827 (full 0):
 garbage-first heap   total 297984K, used 292780K [0x00000000a2200000, 0x0000000100000000)
  region size 1024K, 1 young (1024K), 1 survivors (1024K)
 Metaspace       used 23037K, committed 23296K, reserved 1073152K
  class space    used 2335K, committed 2432K, reserved 1048576K
}
Event: 857.211 GC heap before
{Heap before GC invocations=1827 (full 0):
 garbage-first heap   total 297984K, used 292780K [0x00000000a2200000, 0x0000000100000000)
  region size 1024K, 2 young (2048K), 1 survivors (1024K)
 Metaspace       used 23037K, committed 23296K, reserved 1073152K
  class space    used 2335K, committed 2432K, reserved 1048576K
}
Event: 857.750 GC heap after
{Heap after GC invocations=1828 (full 0):
 garbage-first heap   total 297984K, used 292780K [0x00000000a2200000, 0x0000000100000000)
  region size 1024K, 1 young (1024K), 1 survivors (1024K)
 Metaspace       used 23037K, committed 23296K, reserved 1073152K
  class space    used 2335K, committed 2432K, reserved 1048576K
}
Event: 857.852 GC heap before
{Heap before GC invocations=1828 (full 0):
 garbage-first heap   total 297984K, used 293804K [0x00000000a2200000, 0x0000000100000000)
  region size 1024K, 1 young (1024K), 1 survivors (1024K)
 Metaspace       used 23037K, committed 23296K, reserved 1073152K
  class space    used 2335K, committed 2432K, reserved 1048576K
}

