# JRE version: OpenJDK Runtime Environment Temurin-17.0.1+12 (17.0.1+12) (build 17.0.1+12)
# Java VM: OpenJDK 64-Bit Server VM Temurin-17.0.1+12 (17.0.1+12, mixed mode, tiered, compressed oops, compressed class ptrs, g1 gc, windows-amd64)
GC Precious Log:
 CPUs: 12 total, 12 available
 Memory: 6005M
 Large Page Support: Disabled
 NUMA Support: Disabled
 Compressed Oops: Enabled (32-bit)
 Heap Region Size: 1M
 Heap Min Capacity: 8M
 Heap Initial Capacity: 94M
 Heap Max Capacity: 1502M
 Pre-touch: Disabled
 Parallel Workers: 10
 Concurrent Workers: 3
 Concurrent Refinement Workers: 10
 Periodic GC: Disabled
Heap:
 garbage-first heap   total 576512K, used 570587K [0x00000000a2200000, 0x0000000100000000)
  region size 1024K, 2 young (2048K), 1 survivors (1024K)
 Metaspace       used 23105K, committed 23360K, reserved 1073152K
  class space    used 2372K, committed 2496K, reserved 1048576K
GC Heap History (20 events):
Event: 674.826 GC heap before
{Heap before GC invocations=1405 (full 0):
 garbage-first heap   total 404480K, used 396995K [0x00000000a2200000, 0x0000000100000000)
  region size 1024K, 2 young (2048K), 1 survivors (1024K)
 Metaspace       used 23105K, committed 23360K, reserved 1073152K
  class space    used 2372K, committed 2496K, reserved 1048576K
}
Event: 674.901 GC heap after
{Heap after GC invocations=1406 (full 0):
 garbage-first heap   total 858112K, used 396994K [0x00000000a2200000, 0x0000000100000000)
  region size 1024K, 1 young (1024K), 1 survivors (1024K)
 Metaspace       used 23105K, committed 23360K, reserved 1073152K
  class space    used 2372K, committed 2496K, reserved 1048576K
}
Event: 674.960 GC heap before
{Heap before GC invocations=1406 (full 0):
 garbage-first heap   total 858112K, used 400066K [0x00000000a2200000, 0x0000000100000000)
  region size 1024K, 2 young (2048K), 1 survivors (1024K)
 Metaspace       used 23105K, committed 23360K, reserved 1073152K
  class space    used 2372K, committed 2496K, reserved 1048576K
}
Event: 674.962 GC heap after
{Heap after GC invocations=1407 (full 0):
 garbage-first heap   total 858112K, used 400070K [0x00000000a2200000, 0x0000000100000000)
  region size 1024K, 1 young (1024K), 1 survivors (1024K)
 Metaspace       used 23105K, committed 23360K, reserved 1073152K
  class space    used 2372K, committed 2496K, reserved 1048576K
}
Event: 680.490 GC heap before
{Heap before GC invocations=1408 (full 0):
 garbage-first heap   total 478208K, used 470726K [0x00000000a2200000, 0x0000000100000000)
  region size 1024K, 2 young (2048K), 1 survivors (1024K)
 Metaspace       used 23105K, committed 23360K, reserved 1073152K
  class space    used 2372K, committed 2496K, reserved 1048576K
}
Event: 680.814 GC heap after
{Heap after GC invocations=1409 (full 0):
 garbage-first heap   total 479232K, used 470742K [0x00000000a2200000, 0x0000000100000000)
  region size 1024K, 1 young (1024K), 1 survivors (1024K)
 Metaspace       used 23105K, committed 23360K, reserved 1073152K
  class space    used 2372K, committed 2496K, reserved 1048576K
}
Event: 681.067 GC heap before
{Heap before GC invocations=1409 (full 0):
 garbage-first heap   total 479232K, used 471766K [0x00000000a2200000, 0x0000000100000000)
  region size 1024K, 1 young (1024K), 1 survivors (1024K)
 Metaspace       used 23105K, committed 23360K, reserved 1073152K
  class space    used 2372K, committed 2496K, reserved 1048576K
}
Event: 681.720 GC heap after
{Heap after GC invocations=1410 (full 0):
 garbage-first heap   total 479232K, used 471762K [0x00000000a2200000, 0x0000000100000000)
  region size 1024K, 1 young (1024K), 1 survivors (1024K)
 Metaspace       used 23105K, committed 23360K, reserved 1073152K
  class space    used 2372K, committed 2496K, reserved 1048576K
}
Event: 681.806 GC heap before
{Heap before GC invocations=1410 (full 0):
 garbage-first heap   total 479232K, used 471762K [0x00000000a2200000, 0x0000000100000000)
  region size 1024K, 2 young (2048K), 1 survivors (1024K)
 Metaspace       used 23105K, committed 23360K, reserved 1073152K
  class space    used 2372K, committed 2496K, reserved 1048576K
}
Event: 682.790 GC heap after
{Heap after GC invocations=1411 (full 0):
 garbage-first heap   total 479232K, used 471760K [0x00000000a2200000, 0x0000000100000000)
  region size 1024K, 1 young (1024K), 1 survivors (1024K)
 Metaspace       used 23105K, committed 23360K, reserved 1073152K
  class space    used 2372K, committed 2496K, reserved 1048576K
}
Event: 682.891 GC heap before
{Heap before GC invocations=1411 (full 0):
 garbage-first heap   total 479232K, used 472784K [0x00000000a2200000, 0x0000000100000000)
  region size 1024K, 1 young (1024K), 1 survivors (1024K)
 Metaspace       used 23105K, committed 23360K, reserved 1073152K
  class space    used 2372K, committed 2496K, reserved 1048576K
}
Event: 684.067 GC heap after
{Heap after GC invocations=1412 (full 0):
 garbage-first heap   total 903168K, used 472782K [0x00000000a2200000, 0x0000000100000000)
  region size 1024K, 1 young (1024K), 1 survivors (1024K)
 Metaspace       used 23105K, committed 23360K, reserved 1073152K
  class space    used 2372K, committed 2496K, reserved 1048576K
}
Event: 689.684 GC heap before
{Heap before GC invocations=1413 (full 0):
 garbage-first heap   total 536576K, used 529102K [0x00000000a2200000, 0x0000000100000000)
  region size 1024K, 2 young (2048K), 1 survivors (1024K)
 Metaspace       used 23105K, committed 23360K, reserved 1073152K
  class space    used 2372K, committed 2496K, reserved 1048576K
}
Event: 689.880 GC heap after
{Heap after GC invocations=1414 (full 0):
 garbage-first heap   total 537600K, used 529128K [0x00000000a2200000, 0x0000000100000000)
  region size 1024K, 1 young (1024K), 1 survivors (1024K)
 Metaspace       used 23105K, committed 23360K, reserved 1073152K
  class space    used 2372K, committed 2496K, reserved 1048576K
}
Event: 689.909 GC heap before
{Heap before GC invocations=1414 (full 0):
 garbage-first heap   total 537600K, used 530152K [0x00000000a2200000, 0x0000000100000000)
  region size 1024K, 1 young (1024K), 1 survivors (1024K)
 Metaspace       used 23105K, committed 23360K, reserved 1073152K
  class space    used 2372K, committed 2496K, reserved 1048576K
}
Event: 690.012 GC heap after
{Heap after GC invocations=1415 (full 0):
 garbage-first heap   total 537600K, used 530140K [0x00000000a2200000, 0x0000000100000000)
  region size 1024K, 1 young (1024K), 1 survivors (1024K)
 Metaspace       used 23105K, committed 23360K, reserved 1073152K
  class space    used 2372K, committed 2496K, reserved 1048576K
}
Event: 690.014 GC heap before
{Heap before GC invocations=1415 (full 0):
 garbage-first heap   total 537600K, used 530140K [0x00000000a2200000, 0x0000000100000000)
  region size 1024K, 2 young (2048K), 1 survivors (1024K)
 Metaspace       used 23105K, committed 23360K, reserved 1073152K
  class space    used 2372K, committed 2496K, reserved 1048576K
}
Event: 690.689 GC heap after
{Heap after GC invocations=1416 (full 0):
 garbage-first heap   total 537600K, used 530140K [0x00000000a2200000, 0x0000000100000000)
  region size 1024K, 1 young (1024K), 1 survivors (1024K)
 Metaspace       used 23105K, committed 23360K, reserved 1073152K
  class space    used 2372K, committed 2496K, reserved 1048576K
}
Event: 690.989 GC heap before
{Heap before GC invocations=1416 (full 0):
 garbage-first heap   total 537600K, used 531164K [0x00000000a2200000, 0x0000000100000000)
  region size 1024K, 1 young (1024K), 1 survivors (1024K)
 Metaspace       used 23105K, committed 23360K, reserved 1073152K
  class space    used 2372K, committed 2496K, reserved 1048576K
}
Event: 691.081 GC heap after
{Heap after GC invocations=1417 (full 0):
 garbage-first heap   total 537600K, used 531166K [0x00000000a2200000, 0x0000000100000000)
  region size 1024K, 1 young (1024K), 1 survivors (1024K)
 Metaspace       used 23105K, committed 23360K, reserved 1073152K
  class space    used 2372K, committed 2496K, reserved 1048576K
}

