# JRE version: OpenJDK Runtime Environment Temurin-17.0.1+12 (17.0.1+12) (build 17.0.1+12)
# Java VM: OpenJDK 64-Bit Server VM Temurin-17.0.1+12 (17.0.1+12, mixed mode, tiered, compressed oops, compressed class ptrs, g1 gc, windows-amd64)
GC Precious Log:
 CPUs: 12 total, 12 available
 Memory: 6005M
 Large Page Support: Disabled
 NUMA Support: Disabled
 Compressed Oops: Enabled (32-bit)
 Heap Region Size: 1M
 Heap Min Capacity: 8M
 Heap Initial Capacity: 94M
 Heap Max Capacity: 1502M
 Pre-touch: Disabled
 Parallel Workers: 10
 Concurrent Workers: 3
 Concurrent Refinement Workers: 10
 Periodic GC: Disabled
Heap:
 garbage-first heap   total 96256K, used 56949K [0x00000000a2200000, 0x0000000100000000)
  region size 1024K, 7 young (7168K), 1 survivors (1024K)
 Metaspace       used 19487K, committed 19712K, reserved 1073152K
  class space    used 2061K, committed 2176K, reserved 1048576K
GC Heap History (8 events):
Event: 3.255 GC heap before
{Heap before GC invocations=0 (full 0):
 garbage-first heap   total 96256K, used 40960K [0x00000000a2200000, 0x0000000100000000)
  region size 1024K, 23 young (23552K), 0 survivors (0K)
 Metaspace       used 16214K, committed 16512K, reserved 1064960K
  class space    used 1643K, committed 1792K, reserved 1048576K
}
Event: 3.263 GC heap after
{Heap after GC invocations=1 (full 0):
 garbage-first heap   total 96256K, used 20587K [0x00000000a2200000, 0x0000000100000000)
  region size 1024K, 3 young (3072K), 3 survivors (3072K)
 Metaspace       used 16214K, committed 16512K, reserved 1064960K
  class space    used 1643K, committed 1792K, reserved 1048576K
}
Event: 7.667 GC heap before
{Heap before GC invocations=1 (full 0):
 garbage-first heap   total 96256K, used 51307K [0x00000000a2200000, 0x0000000100000000)
  region size 1024K, 9 young (9216K), 3 survivors (3072K)
 Metaspace       used 18203K, committed 18432K, reserved 1064960K
  class space    used 1899K, committed 2048K, reserved 1048576K
}
Event: 7.745 GC heap after
{Heap after GC invocations=2 (full 0):
 garbage-first heap   total 96256K, used 22079K [0x00000000a2200000, 0x0000000100000000)
  region size 1024K, 2 young (2048K), 2 survivors (2048K)
 Metaspace       used 18203K, committed 18432K, reserved 1064960K
  class space    used 1899K, committed 2048K, reserved 1048576K
}
Event: 18.269 GC heap before
{Heap before GC invocations=2 (full 0):
 garbage-first heap   total 96256K, used 45631K [0x00000000a2200000, 0x0000000100000000)
  region size 1024K, 12 young (12288K), 2 survivors (2048K)
 Metaspace       used 19465K, committed 19712K, reserved 1073152K
  class space    used 2059K, committed 2176K, reserved 1048576K
}
Event: 18.297 GC heap after
{Heap after GC invocations=3 (full 0):
 garbage-first heap   total 96256K, used 35495K [0x00000000a2200000, 0x0000000100000000)
  region size 1024K, 1 young (1024K), 1 survivors (1024K)
 Metaspace       used 19465K, committed 19712K, reserved 1073152K
  class space    used 2059K, committed 2176K, reserved 1048576K
}
Event: 18.344 GC heap before
{Heap before GC invocations=3 (full 0):
 garbage-first heap   total 96256K, used 46759K [0x00000000a2200000, 0x0000000100000000)
  region size 1024K, 5 young (5120K), 1 survivors (1024K)
 Metaspace       used 19486K, committed 19712K, reserved 1073152K
  class space    used 2061K, committed 2176K, reserved 1048576K
}
Event: 18.345 GC heap after
{Heap after GC invocations=4 (full 0):
 garbage-first heap   total 96256K, used 43637K [0x00000000a2200000, 0x0000000100000000)
  region size 1024K, 1 young (1024K), 1 survivors (1024K)
 Metaspace       used 19486K, committed 19712K, reserved 1073152K
  class space    used 2061K, committed 2176K, reserved 1048576K
}

