# JRE version: OpenJDK Runtime Environment Temurin-17.0.1+12 (17.0.1+12) (build 17.0.1+12)
# Java VM: OpenJDK 64-Bit Server VM Temurin-17.0.1+12 (17.0.1+12, mixed mode, tiered, compressed oops, compressed class ptrs, g1 gc, windows-amd64)
GC Precious Log:
 CPUs: 12 total, 12 available
 Memory: 6005M
 Large Page Support: Disabled
 NUMA Support: Disabled
 Compressed Oops: Enabled (32-bit)
 Heap Region Size: 1M
 Heap Min Capacity: 8M
 Heap Initial Capacity: 94M
 Heap Max Capacity: 1502M
 Pre-touch: Disabled
 Parallel Workers: 10
 Concurrent Workers: 3
 Concurrent Refinement Workers: 10
 Periodic GC: Disabled
Heap:
 garbage-first heap   total 400384K, used 394751K [0x00000000a2200000, 0x0000000100000000)
  region size 1024K, 1 young (1024K), 1 survivors (1024K)
 Metaspace       used 23067K, committed 23296K, reserved 1073152K
  class space    used 2350K, committed 2432K, reserved 1048576K
GC Heap History (20 events):
Event: 557.827 GC heap after
{Heap after GC invocations=496 (full 0):
 garbage-first heap   total 400384K, used 393716K [0x00000000a2200000, 0x0000000100000000)
  region size 1024K, 1 young (1024K), 1 survivors (1024K)
 Metaspace       used 23067K, committed 23296K, reserved 1073152K
  class space    used 2350K, committed 2432K, reserved 1048576K
}
Event: 557.827 GC heap before
{Heap before GC invocations=496 (full 0):
 garbage-first heap   total 400384K, used 393716K [0x00000000a2200000, 0x0000000100000000)
  region size 1024K, 2 young (2048K), 1 survivors (1024K)
 Metaspace       used 23067K, committed 23296K, reserved 1073152K
  class space    used 2350K, committed 2432K, reserved 1048576K
}
Event: 557.829 GC heap after
{Heap after GC invocations=497 (full 0):
 garbage-first heap   total 400384K, used 393719K [0x00000000a2200000, 0x0000000100000000)
  region size 1024K, 1 young (1024K), 1 survivors (1024K)
 Metaspace       used 23067K, committed 23296K, reserved 1073152K
  class space    used 2350K, committed 2432K, reserved 1048576K
}
Event: 557.831 GC heap before
{Heap before GC invocations=497 (full 0):
 garbage-first heap   total 400384K, used 394743K [0x00000000a2200000, 0x0000000100000000)
  region size 1024K, 1 young (1024K), 1 survivors (1024K)
 Metaspace       used 23067K, committed 23296K, reserved 1073152K
  class space    used 2350K, committed 2432K, reserved 1048576K
}
Event: 557.892 GC heap after
{Heap after GC invocations=498 (full 0):
 garbage-first heap   total 856064K, used 394747K [0x00000000a2200000, 0x0000000100000000)
  region size 1024K, 1 young (1024K), 1 survivors (1024K)
 Metaspace       used 23067K, committed 23296K, reserved 1073152K
  class space    used 2350K, committed 2432K, reserved 1048576K
}
Event: 559.029 GC heap before
{Heap before GC invocations=499 (full 0):
 garbage-first heap   total 396288K, used 389627K [0x00000000a2200000, 0x0000000100000000)
  region size 1024K, 2 young (2048K), 1 survivors (1024K)
 Metaspace       used 23067K, committed 23296K, reserved 1073152K
  class space    used 2350K, committed 2432K, reserved 1048576K
}
Event: 559.051 GC heap after
{Heap after GC invocations=500 (full 0):
 garbage-first heap   total 397312K, used 389648K [0x00000000a2200000, 0x0000000100000000)
  region size 1024K, 1 young (1024K), 1 survivors (1024K)
 Metaspace       used 23067K, committed 23296K, reserved 1073152K
  class space    used 2350K, committed 2432K, reserved 1048576K
}
Event: 559.053 GC heap before
{Heap before GC invocations=500 (full 0):
 garbage-first heap   total 397312K, used 390672K [0x00000000a2200000, 0x0000000100000000)
  region size 1024K, 1 young (1024K), 1 survivors (1024K)
 Metaspace       used 23067K, committed 23296K, reserved 1073152K
  class space    used 2350K, committed 2432K, reserved 1048576K
}
Event: 559.062 GC heap after
{Heap after GC invocations=501 (full 0):
 garbage-first heap   total 397312K, used 390645K [0x00000000a2200000, 0x0000000100000000)
  region size 1024K, 1 young (1024K), 1 survivors (1024K)
 Metaspace       used 23067K, committed 23296K, reserved 1073152K
  class space    used 2350K, committed 2432K, reserved 1048576K
}
Event: 559.062 GC heap before
{Heap before GC invocations=501 (full 0):
 garbage-first heap   total 397312K, used 390645K [0x00000000a2200000, 0x0000000100000000)
  region size 1024K, 2 young (2048K), 1 survivors (1024K)
 Metaspace       used 23067K, committed 23296K, reserved 1073152K
  class space    used 2350K, committed 2432K, reserved 1048576K
}
Event: 559.094 GC heap after
{Heap after GC invocations=502 (full 0):
 garbage-first heap   total 397312K, used 390644K [0x00000000a2200000, 0x0000000100000000)
  region size 1024K, 1 young (1024K), 1 survivors (1024K)
 Metaspace       used 23067K, committed 23296K, reserved 1073152K
  class space    used 2350K, committed 2432K, reserved 1048576K
}
Event: 559.123 GC heap before
{Heap before GC invocations=502 (full 0):
 garbage-first heap   total 397312K, used 391668K [0x00000000a2200000, 0x0000000100000000)
  region size 1024K, 1 young (1024K), 1 survivors (1024K)
 Metaspace       used 23067K, committed 23296K, reserved 1073152K
  class space    used 2350K, committed 2432K, reserved 1048576K
}
Event: 559.125 GC heap after
{Heap after GC invocations=503 (full 0):
 garbage-first heap   total 397312K, used 391680K [0x00000000a2200000, 0x0000000100000000)
  region size 1024K, 1 young (1024K), 1 survivors (1024K)
 Metaspace       used 23067K, committed 23296K, reserved 1073152K
  class space    used 2350K, committed 2432K, reserved 1048576K
}
Event: 559.861 GC heap before
{Heap before GC invocations=504 (full 0):
 garbage-first heap   total 399360K, used 392704K [0x00000000a2200000, 0x0000000100000000)
  region size 1024K, 2 young (2048K), 1 survivors (1024K)
 Metaspace       used 23067K, committed 23296K, reserved 1073152K
  class space    used 2350K, committed 2432K, reserved 1048576K
}
Event: 559.881 GC heap after
{Heap after GC invocations=505 (full 0):
 garbage-first heap   total 399360K, used 392712K [0x00000000a2200000, 0x0000000100000000)
  region size 1024K, 1 young (1024K), 1 survivors (1024K)
 Metaspace       used 23067K, committed 23296K, reserved 1073152K
  class space    used 2350K, committed 2432K, reserved 1048576K
}
Event: 559.883 GC heap before
{Heap before GC invocations=505 (full 0):
 garbage-first heap   total 399360K, used 393736K [0x00000000a2200000, 0x0000000100000000)
  region size 1024K, 1 young (1024K), 1 survivors (1024K)
 Metaspace       used 23067K, committed 23296K, reserved 1073152K
  class space    used 2350K, committed 2432K, reserved 1048576K
}
Event: 559.927 GC heap after
{Heap after GC invocations=506 (full 0):
 garbage-first heap   total 400384K, used 393724K [0x00000000a2200000, 0x0000000100000000)
  region size 1024K, 1 young (1024K), 1 survivors (1024K)
 Metaspace       used 23067K, committed 23296K, reserved 1073152K
  class space    used 2350K, committed 2432K, reserved 1048576K
}
Event: 559.927 GC heap before
{Heap before GC invocations=506 (full 0):
 garbage-first heap   total 400384K, used 393724K [0x00000000a2200000, 0x0000000100000000)
  region size 1024K, 2 young (2048K), 1 survivors (1024K)
 Metaspace       used 23067K, committed 23296K, reserved 1073152K
  class space    used 2350K, committed 2432K, reserved 1048576K
}
Event: 559.930 GC heap after
{Heap after GC invocations=507 (full 0):
 garbage-first heap   total 400384K, used 393720K [0x00000000a2200000, 0x0000000100000000)
  region size 1024K, 1 young (1024K), 1 survivors (1024K)
 Metaspace       used 23067K, committed 23296K, reserved 1073152K
  class space    used 2350K, committed 2432K, reserved 1048576K
}
Event: 559.934 GC heap before
{Heap before GC invocations=507 (full 0):
 garbage-first heap   total 400384K, used 394744K [0x00000000a2200000, 0x0000000100000000)
  region size 1024K, 1 young (1024K), 1 survivors (1024K)
 Metaspace       used 23067K, committed 23296K, reserved 1073152K
  class space    used 2350K, committed 2432K, reserved 1048576K
}

